<?xml version="1.0" encoding="UTF-8"?>
<!-- Generated by org.testng.reporters.JUnitReportReporter -->
<testsuite hostname="DESKTOP-5V86P47" failures="0" tests="2" name="Test.TESTClass" time="61.295" errors="0" timestamp="2024-04-03T18:36:31 IST" skipped="0">
  <testcase classname="Test.TESTClass" name="f" time="34.086"/>
  <system-out/>
  <testcase classname="Test.TESTClass" name="f" time="27.209"/>
  <system-out/>
</testsuite> <!-- Test.TESTClass -->
